<?xml version="1.0" encoding="UTF-8"?>
<!-- Generated by org.testng.reporters.JUnitReportReporter -->
<testsuite hostname="SravanKumar" failures="0" tests="1" name="Login_HomePage.Login_Test" time="6.565" errors="0" timestamp="2023-11-01T15:28:03 IST" skipped="0">
  <testcase classname="Login_HomePage.Login_Test" name="Login" time="6.565"/>
</testsuite> <!-- Login_HomePage.Login_Test -->
