<?xml version="1.0" encoding="UTF-8"?>
<!-- Generated by org.testng.reporters.JUnitReportReporter -->
<testsuite hostname="SravanKumar" failures="0" tests="4" name="Login_HomePage.Signup_Test" time="0.068" errors="1" timestamp="2023-11-02T21:53:51 IST" skipped="3">
  <testcase classname="Login_HomePage.Signup_Test" name="startTest" time="0.068">
    <error message="Cannot invoke &quot;org.monte.media.MovieWriter.addTrack(org.monte.media.Format)&quot; because &quot;this.w&quot; is null" type="java.lang.NullPointerException">
      <![CDATA[java.lang.NullPointerException: Cannot invoke "org.monte.media.MovieWriter.addTrack(org.monte.media.Format)" because "this.w" is null
at org.monte.screenrecorder.ScreenRecorder.createMovieWriter(ScreenRecorder.java:382)
at org.monte.screenrecorder.ScreenRecorder.start(ScreenRecorder.java:489)
at Login_HomePage.MyScreenRecorder.startRecording(MyScreenRecorder.java:74)
at Login_HomePage.Signup_Test.startTest(Signup_Test.java:54)
at java.base/jdk.internal.reflect.NativeMethodAccessorImpl.invoke0(Native Method)
at java.base/jdk.internal.reflect.NativeMethodAccessorImpl.invoke(NativeMethodAccessorImpl.java:77)
at java.base/jdk.internal.reflect.DelegatingMethodAccessorImpl.invoke(DelegatingMethodAccessorImpl.java:43)
at java.base/java.lang.reflect.Method.invoke(Method.java:568)
at org.testng.internal.invokers.MethodInvocationHelper.invokeMethod(MethodInvocationHelper.java:139)
at org.testng.internal.invokers.MethodInvocationHelper.invokeMethodConsideringTimeout(MethodInvocationHelper.java:69)
at org.testng.internal.invokers.ConfigInvoker.invokeConfigurationMethod(ConfigInvoker.java:390)
at org.testng.internal.invokers.ConfigInvoker.invokeConfigurations(ConfigInvoker.java:325)
at org.testng.internal.invokers.TestMethodWorker.invokeBeforeClassMethods(TestMethodWorker.java:180)
at org.testng.internal.invokers.TestMethodWorker.run(TestMethodWorker.java:122)
at java.base/java.util.concurrent.ThreadPoolExecutor.runWorker(ThreadPoolExecutor.java:1136)
at java.base/java.util.concurrent.ThreadPoolExecutor$Worker.run(ThreadPoolExecutor.java:635)
at java.base/java.lang.Thread.run(Thread.java:833)
]]>
    </error>
  </testcase> <!-- startTest -->
  <testcase classname="Login_HomePage.Signup_Test" name="TC_001_Verify_Signup_Button_in_Login_page" time="0.000">
    <skipped/>
  </testcase> <!-- TC_001_Verify_Signup_Button_in_Login_page -->
  <testcase classname="Login_HomePage.Signup_Test" name="TC_002_options_displayed_in_Signup_Button" time="0.000">
    <skipped/>
  </testcase> <!-- TC_002_options_displayed_in_Signup_Button -->
  <testcase classname="Login_HomePage.Signup_Test" name="TC_003_Invalid_uniqueid" time="0.000">
    <skipped/>
  </testcase> <!-- TC_003_Invalid_uniqueid -->
</testsuite> <!-- Login_HomePage.Signup_Test -->
